<?xml version="1.0" encoding="UTF-8"?>
<testsuite name="com.example.hibernate.practice.HibernateRunnerTest" tests="1" skipped="0" failures="0" errors="0" timestamp="2025-07-09T14:12:44.231Z" hostname="WKS-584" time="0.209">
  <properties/>
  <testcase name="testHibernateApi()" classname="com.example.hibernate.practice.HibernateRunnerTest" time="0.209"/>
  <system-out><![CDATA[insert into
public.users
(username, firstname, lastname, birth_date, age)
values
(('ivan1@vail.ru'), ('ivan'), ('ivanov'), ('2000-01-01'::date), ('25'::int4))

]]></system-out>
  <system-err><![CDATA[]]></system-err>
</testsuite>
